::1 - - [31/Oct/2016:14:17:53 +0000] "GET /users HTTP/1.1" 401 -
::1 - admin [31/Oct/2016:14:17:56 +0000] "GET /users HTTP/1.1" 200 23
::1 - admin [31/Oct/2016:14:18:02 +0000] "GET /users HTTP/1.1" 200 23
::1 - admin [31/Oct/2016:14:18:59 +0000] "GET /users HTTP/1.1" 200 23
::1 - admin [31/Oct/2016:14:19:01 +0000] "GET /users HTTP/1.1" 200 23
::1 - admin [31/Oct/2016:14:19:03 +0000] "GET /users HTTP/1.1" 200 23
::1 - admin [31/Oct/2016:14:19:22 +0000] "GET /users HTTP/1.1" 200 23
::1 - admin [31/Oct/2016:14:21:47 +0000] "GET /users HTTP/1.1" 200 23
::1 - admin [31/Oct/2016:14:22:23 +0000] "GET /users HTTP/1.1" 200 23
::1 - admin [31/Oct/2016:14:22:29 +0000] "GET /users HTTP/1.1" 200 23
::1 - admin [31/Oct/2016:14:23:32 +0000] "GET /users HTTP/1.1" 200 23
::1 - admin [31/Oct/2016:14:23:38 +0000] "GET /users HTTP/1.1" 200 23
::1 - admin [31/Oct/2016:14:23:41 +0000] "GET / HTTP/1.1" 200 170
::1 - admin [31/Oct/2016:14:23:41 +0000] "GET /stylesheets/style.css HTTP/1.1" 200 -
::1 - admin [31/Oct/2016:14:23:41 +0000] "GET /stylesheets/style.css.map HTTP/1.1" 200 217
::1 - admin [31/Oct/2016:14:24:10 +0000] "GET / HTTP/1.1" 200 170
::1 - admin [31/Oct/2016:14:24:10 +0000] "GET /stylesheets/style.css HTTP/1.1" 200 149
::1 - admin [31/Oct/2016:14:24:11 +0000] "GET /stylesheets/style.css.map HTTP/1.1" 200 217
::1 - admin [31/Oct/2016:14:25:39 +0000] "GET / HTTP/1.1" 200 170
::1 - admin [31/Oct/2016:14:25:39 +0000] "GET /stylesheets/style.css HTTP/1.1" 200 -
::1 - admin [31/Oct/2016:14:25:40 +0000] "GET /stylesheets/style.css.map HTTP/1.1" 200 217
::1 - admin [31/Oct/2016:14:26:14 +0000] "GET / HTTP/1.1" 200 170
::1 - admin [31/Oct/2016:14:26:14 +0000] "GET /stylesheets/style.css HTTP/1.1" 200 -
::1 - admin [31/Oct/2016:14:26:15 +0000] "GET /stylesheets/style.css.map HTTP/1.1" 200 217
::1 - admin [31/Oct/2016:14:29:20 +0000] "GET / HTTP/1.1" 200 170
::1 - admin [31/Oct/2016:14:29:20 +0000] "GET /stylesheets/style.css HTTP/1.1" 200 149
::1 - admin [31/Oct/2016:14:29:20 +0000] "GET /stylesheets/style.css.map HTTP/1.1" 200 217
::1 - admin [31/Oct/2016:14:29:34 +0000] "GET / HTTP/1.1" 200 170
::1 - admin [31/Oct/2016:14:29:34 +0000] "GET /stylesheets/style.css HTTP/1.1" 200 -
::1 - admin [31/Oct/2016:14:29:34 +0000] "GET /stylesheets/style.css.map HTTP/1.1" 200 217
::1 - admin [31/Oct/2016:14:29:41 +0000] "GET / HTTP/1.1" 200 170
::1 - admin [31/Oct/2016:14:29:41 +0000] "GET /stylesheets/style.css HTTP/1.1" 200 149
::1 - admin [31/Oct/2016:14:29:41 +0000] "GET /stylesheets/style.css.map HTTP/1.1" 200 217
::1 - admin [31/Oct/2016:14:29:51 +0000] "GET / HTTP/1.1" 200 170
::1 - admin [31/Oct/2016:14:29:51 +0000] "GET /stylesheets/style.css HTTP/1.1" 200 149
::1 - admin [31/Oct/2016:14:29:52 +0000] "GET /stylesheets/style.css.map HTTP/1.1" 200 217
::1 - admin [31/Oct/2016:14:30:30 +0000] "GET / HTTP/1.1" 200 170
::1 - admin [31/Oct/2016:14:30:30 +0000] "GET /stylesheets/style.css HTTP/1.1" 200 -
::1 - admin [31/Oct/2016:14:30:31 +0000] "GET /stylesheets/style.css.map HTTP/1.1" 200 217
::1 - admin [31/Oct/2016:14:31:01 +0000] "GET / HTTP/1.1" 200 170
::1 - admin [31/Oct/2016:14:31:01 +0000] "GET /stylesheets/style.css HTTP/1.1" 200 -
::1 - admin [31/Oct/2016:14:31:01 +0000] "GET /stylesheets/style.css.map HTTP/1.1" 200 217
::1 - admin [31/Oct/2016:14:35:00 +0000] "GET / HTTP/1.1" 200 170
::1 - admin [31/Oct/2016:14:35:00 +0000] "GET /stylesheets/style.css HTTP/1.1" 200 -
::1 - admin [31/Oct/2016:14:35:01 +0000] "GET /stylesheets/style.css.map HTTP/1.1" 200 217
::1 - admin [31/Oct/2016:14:35:04 +0000] "GET /page/1 HTTP/1.1" 404 160
::1 - admin [31/Oct/2016:14:35:05 +0000] "GET /stylesheets/style.css HTTP/1.1" 200 149
::1 - admin [31/Oct/2016:14:35:05 +0000] "GET /stylesheets/style.css.map HTTP/1.1" 200 217
::1 - admin [31/Oct/2016:14:35:19 +0000] "GET /page/1 HTTP/1.1" 404 160
::1 - admin [31/Oct/2016:14:35:19 +0000] "GET /stylesheets/style.css HTTP/1.1" 200 -
::1 - admin [31/Oct/2016:14:35:20 +0000] "GET /stylesheets/style.css.map HTTP/1.1" 200 217
::1 - admin [31/Oct/2016:14:35:24 +0000] "GET /stylesheets/style.css HTTP/1.1" 200 149
::1 - admin [31/Oct/2016:14:35:24 +0000] "GET /stylesheets/style.css.map HTTP/1.1" 200 217
::1 - admin [31/Oct/2016:14:36:01 +0000] "GET /stylesheets/style.css HTTP/1.1" 200 -
::1 - admin [31/Oct/2016:14:36:01 +0000] "GET /stylesheets/style.css.map HTTP/1.1" 200 217
::1 - admin [31/Oct/2016:14:36:15 +0000] "GET /page/1 HTTP/1.1" 404 160
::1 - admin [31/Oct/2016:14:36:15 +0000] "GET /stylesheets/style.css HTTP/1.1" 200 -
::1 - admin [31/Oct/2016:14:36:15 +0000] "GET /stylesheets/style.css.map HTTP/1.1" 200 217
::1 - admin [31/Oct/2016:14:36:19 +0000] "GET /page/1 HTTP/1.1" 404 160
::1 - admin [31/Oct/2016:14:36:20 +0000] "GET /stylesheets/style.css HTTP/1.1" 200 149
::1 - admin [31/Oct/2016:14:36:20 +0000] "GET /stylesheets/style.css.map HTTP/1.1" 200 217
::1 - admin [31/Oct/2016:14:36:35 +0000] "GET /users HTTP/1.1" 200 23
::1 - admin [31/Oct/2016:14:37:31 +0000] "GET /users HTTP/1.1" 200 23
::1 - admin [31/Oct/2016:14:37:48 +0000] "GET /users HTTP/1.1" 200 23
::1 - admin [31/Oct/2016:14:38:44 +0000] "GET /users HTTP/1.1" 200 23
::1 - admin [31/Oct/2016:14:41:14 +0000] "GET /users HTTP/1.1" 200 23
::1 - admin [31/Oct/2016:14:41:16 +0000] "GET /page/1 HTTP/1.1" 404 160
::1 - admin [31/Oct/2016:14:41:16 +0000] "GET /stylesheets/style.css HTTP/1.1" 200 -
::1 - admin [31/Oct/2016:14:41:16 +0000] "GET /stylesheets/style.css.map HTTP/1.1" 200 217
::1 - admin [31/Oct/2016:14:50:04 +0000] "GET /page/1 HTTP/1.1" 404 160
::1 - admin [31/Oct/2016:14:50:04 +0000] "GET /stylesheets/style.css HTTP/1.1" 200 -
::1 - admin [31/Oct/2016:14:50:05 +0000] "GET /stylesheets/style.css.map HTTP/1.1" 200 217
::1 - admin [31/Oct/2016:14:50:05 +0000] "GET /favicon.ico HTTP/1.1" 404 160
::1 - admin [31/Oct/2016:14:50:09 +0000] "GET / HTTP/1.1" 200 170
::1 - admin [31/Oct/2016:14:50:09 +0000] "GET /stylesheets/style.css HTTP/1.1" 200 149
::1 - admin [31/Oct/2016:14:50:09 +0000] "GET /stylesheets/style.css.map HTTP/1.1" 200 217
::1 - admin [31/Oct/2016:14:50:26 +0000] "GET / HTTP/1.1" 200 170
::1 - admin [31/Oct/2016:14:50:26 +0000] "GET /stylesheets/style.css HTTP/1.1" 200 -
::1 - admin [31/Oct/2016:14:50:27 +0000] "GET /stylesheets/style.css.map HTTP/1.1" 200 217
::1 - - [31/Oct/2016:14:50:29 +0000] "GET / HTTP/1.1" 401 -
::1 - - [31/Oct/2016:14:50:32 +0000] "GET /favicon.ico HTTP/1.1" 401 -
